<?xml version="1.0" encoding="UTF-8" ?>
<testsuite failures="0" time="43.297" errors="0" skipped="0" tests="3" name="cn.gamemate.taskqueue.rabbitmq.delay.MainTest">
  <properties>
    <property name="java.runtime.name" value="Java(TM) SE Runtime Environment"/>
    <property name="sun.boot.library.path" value="C:\Program Files\Java\jdk1.6.0_24\jre\bin"/>
    <property name="java.vm.version" value="19.1-b02"/>
    <property name="java.vm.vendor" value="Sun Microsystems Inc."/>
    <property name="java.vendor.url" value="http://java.sun.com/"/>
    <property name="path.separator" value=";"/>
    <property name="java.vm.name" value="Java HotSpot(TM) Client VM"/>
    <property name="file.encoding.pkg" value="sun.io"/>
    <property name="user.country" value="CN"/>
    <property name="sun.java.launcher" value="SUN_STANDARD"/>
    <property name="sun.os.patch.level" value="Service Pack 3"/>
    <property name="java.vm.specification.name" value="Java Virtual Machine Specification"/>
    <property name="user.dir" value="H:\working\GM\Java\TaskQueue\taskqueue-rabbitmq-delay"/>
    <property name="java.runtime.version" value="1.6.0_24-b07"/>
    <property name="java.awt.graphicsenv" value="sun.awt.Win32GraphicsEnvironment"/>
    <property name="basedir" value="H:\working\GM\Java\TaskQueue\taskqueue-rabbitmq-delay"/>
    <property name="java.endorsed.dirs" value="C:\Program Files\Java\jdk1.6.0_24\jre\lib\endorsed"/>
    <property name="os.arch" value="x86"/>
    <property name="surefire.real.class.path" value="C:\DOCUME~1\ADMINI~1\LOCALS~1\Temp\surefirebooter4663221251301245801.jar"/>
    <property name="java.io.tmpdir" value="C:\DOCUME~1\ADMINI~1\LOCALS~1\Temp\"/>
    <property name="line.separator" value="
"/>
    <property name="java.vm.specification.vendor" value="Sun Microsystems Inc."/>
    <property name="user.variant" value=""/>
    <property name="os.name" value="Windows XP"/>
    <property name="sun.jnu.encoding" value="GBK"/>
    <property name="java.library.path" value="C:\Program Files\Java\jdk1.6.0_24\jre\bin;.;C:\WINDOWS\Sun\Java\bin;C:\WINDOWS\system32;C:\WINDOWS;C:\WINDOWS\system32;C:\WINDOWS;C:\WINDOWS\System32\Wbem;C:\Program Files\Common Files\Thunder Network\KanKan\Codecs;d:\PROGRA~1\F-Secure\Ssh;D:\Python25;C:\Program Files\Microsoft SQL Server\90\Tools\binn\;C:\Program Files\TortoiseGit\bin;D:\downloads\apache-maven-2.2.1\bin;C:\Program Files\Java\jdk1.6.0_24\bin"/>
    <property name="surefire.test.class.path" value="H:\working\GM\Java\TaskQueue\taskqueue-rabbitmq-delay\target\test-classes;H:\working\GM\Java\TaskQueue\taskqueue-rabbitmq-delay\target\generated-classes\cobertura;C:\Documents and Settings\Administrator\.m2\repository\junit\junit\4.8.1\junit-4.8.1.jar;C:\Documents and Settings\Administrator\.m2\repository\ch\qos\logback\logback-classic\0.9.24\logback-classic-0.9.24.jar;C:\Documents and Settings\Administrator\.m2\repository\ch\qos\logback\logback-core\0.9.24\logback-core-0.9.24.jar;C:\Documents and Settings\Administrator\.m2\repository\org\slf4j\slf4j-api\1.6.1\slf4j-api-1.6.1.jar;C:\Documents and Settings\Administrator\.m2\repository\cn\gamemate\taskqueue-api\1.0.0.M3\taskqueue-api-1.0.0.M3.jar;C:\Documents and Settings\Administrator\.m2\repository\com\google\protobuf\protobuf-java\2.3.0\protobuf-java-2.3.0.jar;C:\Documents and Settings\Administrator\.m2\repository\cn\gamemate\taskqueue-rabbitmq\1.0.0.M3\taskqueue-rabbitmq-1.0.0.M3.jar;C:\Documents and Settings\Administrator\.m2\repository\com\rabbitmq\amqp-client\2.4.1\amqp-client-2.4.1.jar;C:\Documents and Settings\Administrator\.m2\repository\commons-io\commons-io\1.2\commons-io-1.2.jar;C:\Documents and Settings\Administrator\.m2\repository\net\sourceforge\cobertura\cobertura\1.9.4.1\cobertura-1.9.4.1.jar;C:\Documents and Settings\Administrator\.m2\repository\org\apache\ant\ant\1.7.0\ant-1.7.0.jar;C:\Documents and Settings\Administrator\.m2\repository\org\apache\ant\ant-launcher\1.7.0\ant-launcher-1.7.0.jar;"/>
    <property name="java.specification.name" value="Java Platform API Specification"/>
    <property name="java.class.version" value="50.0"/>
    <property name="sun.management.compiler" value="HotSpot Client Compiler"/>
    <property name="os.version" value="5.1"/>
    <property name="user.home" value="C:\Documents and Settings\Administrator"/>
    <property name="user.timezone" value="Asia/Shanghai"/>
    <property name="java.awt.printerjob" value="sun.awt.windows.WPrinterJob"/>
    <property name="java.specification.version" value="1.6"/>
    <property name="file.encoding" value="GBK"/>
    <property name="user.name" value="test"/>
    <property name="java.class.path" value="H:\working\GM\Java\TaskQueue\taskqueue-rabbitmq-delay\target\test-classes;H:\working\GM\Java\TaskQueue\taskqueue-rabbitmq-delay\target\generated-classes\cobertura;C:\Documents and Settings\Administrator\.m2\repository\junit\junit\4.8.1\junit-4.8.1.jar;C:\Documents and Settings\Administrator\.m2\repository\ch\qos\logback\logback-classic\0.9.24\logback-classic-0.9.24.jar;C:\Documents and Settings\Administrator\.m2\repository\ch\qos\logback\logback-core\0.9.24\logback-core-0.9.24.jar;C:\Documents and Settings\Administrator\.m2\repository\org\slf4j\slf4j-api\1.6.1\slf4j-api-1.6.1.jar;C:\Documents and Settings\Administrator\.m2\repository\cn\gamemate\taskqueue-api\1.0.0.M3\taskqueue-api-1.0.0.M3.jar;C:\Documents and Settings\Administrator\.m2\repository\com\google\protobuf\protobuf-java\2.3.0\protobuf-java-2.3.0.jar;C:\Documents and Settings\Administrator\.m2\repository\cn\gamemate\taskqueue-rabbitmq\1.0.0.M3\taskqueue-rabbitmq-1.0.0.M3.jar;C:\Documents and Settings\Administrator\.m2\repository\com\rabbitmq\amqp-client\2.4.1\amqp-client-2.4.1.jar;C:\Documents and Settings\Administrator\.m2\repository\commons-io\commons-io\1.2\commons-io-1.2.jar;C:\Documents and Settings\Administrator\.m2\repository\net\sourceforge\cobertura\cobertura\1.9.4.1\cobertura-1.9.4.1.jar;C:\Documents and Settings\Administrator\.m2\repository\org\apache\ant\ant\1.7.0\ant-1.7.0.jar;C:\Documents and Settings\Administrator\.m2\repository\org\apache\ant\ant-launcher\1.7.0\ant-launcher-1.7.0.jar;"/>
    <property name="java.vm.specification.version" value="1.0"/>
    <property name="sun.arch.data.model" value="32"/>
    <property name="java.home" value="C:\Program Files\Java\jdk1.6.0_24\jre"/>
    <property name="java.specification.vendor" value="Sun Microsystems Inc."/>
    <property name="user.language" value="zh"/>
    <property name="awt.toolkit" value="sun.awt.windows.WToolkit"/>
    <property name="java.vm.info" value="mixed mode, sharing"/>
    <property name="java.version" value="1.6.0_24"/>
    <property name="java.ext.dirs" value="C:\Program Files\Java\jdk1.6.0_24\jre\lib\ext;C:\WINDOWS\Sun\Java\lib\ext"/>
    <property name="sun.boot.class.path" value="C:\Program Files\Java\jdk1.6.0_24\jre\lib\resources.jar;C:\Program Files\Java\jdk1.6.0_24\jre\lib\rt.jar;C:\Program Files\Java\jdk1.6.0_24\jre\lib\sunrsasign.jar;C:\Program Files\Java\jdk1.6.0_24\jre\lib\jsse.jar;C:\Program Files\Java\jdk1.6.0_24\jre\lib\jce.jar;C:\Program Files\Java\jdk1.6.0_24\jre\lib\charsets.jar;C:\Program Files\Java\jdk1.6.0_24\jre\lib\modules\jdk.boot.jar;C:\Program Files\Java\jdk1.6.0_24\jre\classes"/>
    <property name="java.vendor" value="Sun Microsystems Inc."/>
    <property name="localRepository" value="C:\Documents and Settings\Administrator\.m2\repository"/>
    <property name="file.separator" value="\"/>
    <property name="java.vendor.url.bug" value="http://java.sun.com/cgi-bin/bugreport.cgi"/>
    <property name="sun.cpu.endian" value="little"/>
    <property name="sun.io.unicode.encoding" value="UnicodeLittle"/>
    <property name="sun.desktop" value="windows"/>
    <property name="sun.cpu.isalist" value="pentium_pro+mmx pentium_pro pentium+mmx pentium i486 i386 i86"/>
  </properties>
  <testcase time="11.859" classname="cn.gamemate.taskqueue.rabbitmq.delay.MainTest" name="testDelay"/>
  <testcase time="15.203" classname="cn.gamemate.taskqueue.rabbitmq.delay.MainTest" name="testMultitask"/>
  <testcase time="16.188" classname="cn.gamemate.taskqueue.rabbitmq.delay.MainTest" name="testBlendtask"/>
</testsuite>